0 info it worked if it ends with ok
1 verbose cli [ '/Users/oyvind/.nvm/versions/node/v5.0.0/bin/node',
1 verbose cli   '/Users/oyvind/.nvm/versions/node/v5.0.0/bin/npm',
1 verbose cli   'run',
1 verbose cli   'dev' ]
2 info using npm@3.3.6
3 info using node@v5.0.0
4 verbose stack Error: Invalid name: "luksusfellen webapp"
4 verbose stack     at ensureValidName (/Users/oyvind/.nvm/versions/node/v5.0.0/lib/node_modules/npm/node_modules/normalize-package-data/lib/fixer.js:331:15)
4 verbose stack     at Object.module.exports.fixNameField (/Users/oyvind/.nvm/versions/node/v5.0.0/lib/node_modules/npm/node_modules/normalize-package-data/lib/fixer.js:210:5)
4 verbose stack     at /Users/oyvind/.nvm/versions/node/v5.0.0/lib/node_modules/npm/node_modules/normalize-package-data/lib/normalize.js:32:38
4 verbose stack     at Array.forEach (native)
4 verbose stack     at normalize (/Users/oyvind/.nvm/versions/node/v5.0.0/lib/node_modules/npm/node_modules/normalize-package-data/lib/normalize.js:31:15)
4 verbose stack     at final (/Users/oyvind/.nvm/versions/node/v5.0.0/lib/node_modules/npm/node_modules/read-package-json/read-json.js:338:5)
4 verbose stack     at then (/Users/oyvind/.nvm/versions/node/v5.0.0/lib/node_modules/npm/node_modules/read-package-json/read-json.js:113:5)
4 verbose stack     at /Users/oyvind/.nvm/versions/node/v5.0.0/lib/node_modules/npm/node_modules/read-package-json/read-json.js:300:12
4 verbose stack     at /Users/oyvind/.nvm/versions/node/v5.0.0/lib/node_modules/npm/node_modules/graceful-fs/graceful-fs.js:76:16
4 verbose stack     at tryToString (fs.js:414:3)
5 verbose cwd /Users/oyvind/Documents/Apps/luksusfellen
6 error Darwin 15.4.0
7 error argv "/Users/oyvind/.nvm/versions/node/v5.0.0/bin/node" "/Users/oyvind/.nvm/versions/node/v5.0.0/bin/npm" "run" "dev"
8 error node v5.0.0
9 error npm  v3.3.6
10 error Invalid name: "luksusfellen webapp"
11 error If you need help, you may report this error at:
11 error     <https://github.com/npm/npm/issues>
12 verbose exit [ 1, true ]
